# Test suite log
# Copyright (c) 2026 Jeffrey H. Johnson <johnsonjh.dev@gmail.com>
# SPDX-License-Identifier: MIT-0

------------------------------------------------------------------------------

TEST #1: No options
ARGS:

Usage: ./crc_test [option(s)...] <file> [file(s)...]
Options:
  --limit=N        Stops processing after N bits
  --bits=N         Reads as N bits per storage character
  --bits=auto      Automatically determines significant bits
  --pad            Pads trailing bits with zeros
  --pad=auto       Automatically pads bits when necessary
  --auto           Enables '--bits=auto --pad=auto --verbose'
  --verbose, -v    Verbose mode (shows processing details)
  --help, -h       Shows this help and usage text

EXIT: 1

------------------------------------------------------------------------------

TEST #2: Help (--help)
ARGS: --help

Usage: ./crc_test [option(s)...] <file> [file(s)...]
Options:
  --limit=N        Stops processing after N bits
  --bits=N         Reads as N bits per storage character
  --bits=auto      Automatically determines significant bits
  --pad            Pads trailing bits with zeros
  --pad=auto       Automatically pads bits when necessary
  --auto           Enables '--bits=auto --pad=auto --verbose'
  --verbose, -v    Verbose mode (shows processing details)
  --help, -h       Shows this help and usage text

EXIT: 0

------------------------------------------------------------------------------

TEST #3: Help (-h)
ARGS: -h

Usage: ./crc_test [option(s)...] <file> [file(s)...]
Options:
  --limit=N        Stops processing after N bits
  --bits=N         Reads as N bits per storage character
  --bits=auto      Automatically determines significant bits
  --pad            Pads trailing bits with zeros
  --pad=auto       Automatically pads bits when necessary
  --auto           Enables '--bits=auto --pad=auto --verbose'
  --verbose, -v    Verbose mode (shows processing details)
  --help, -h       Shows this help and usage text

EXIT: 0

------------------------------------------------------------------------------

TEST #4: Invalid bits (0)
ARGS: ./.test_data.bin --bits=0

FATAL: --bits must be a positive integer between

EXIT: 1

------------------------------------------------------------------------------

TEST #5: Invalid bits (-1)
ARGS: ./.test_data.bin --bits=-1

FATAL: --bits must be a positive integer between

EXIT: 1

------------------------------------------------------------------------------

TEST #6: Invalid bits (a)
ARGS: ./.test_data.bin --bits=a

FATAL: --bits must be a positive integer between

EXIT: 1

------------------------------------------------------------------------------

TEST #7: Invalid bits (65)
ARGS: ./.test_data.bin --bits=65

FATAL: --bits must be a positive integer between

EXIT: 1

------------------------------------------------------------------------------

TEST #8: Bits auto, no file
ARGS: --bits=auto

FATAL: No filename provided.
Usage: ./crc_test [option(s)...] <file> [file(s)...]
Options:
  --limit=N        Stops processing after N bits
  --bits=N         Reads as N bits per storage character
  --bits=auto      Automatically determines significant bits
  --pad            Pads trailing bits with zeros
  --pad=auto       Automatically pads bits when necessary
  --auto           Enables '--bits=auto --pad=auto --verbose'
  --verbose, -v    Verbose mode (shows processing details)
  --help, -h       Shows this help and usage text

EXIT: 1

------------------------------------------------------------------------------

TEST #9: Invalid limit (0)
ARGS: ./.test_data.bin --limit=0

FATAL: --limit must be greater than zero.

EXIT: 1

------------------------------------------------------------------------------

TEST #10: Invalid limit (-1)
ARGS: ./.test_data.bin --limit=-1

FATAL: --limit must be a positive integer.

EXIT: 1

------------------------------------------------------------------------------

TEST #11: Invalid limit (a)
ARGS: ./.test_data.bin --limit=a

FATAL: --limit must be a positive integer.

EXIT: 1

------------------------------------------------------------------------------

TEST #12: Nonexistent
ARGS: nonexistent

ERROR: Error opening nonexistent

EXIT: 1

------------------------------------------------------------------------------

TEST #13: 8-bit: Standard
ARGS: ./.test_data.bin

./.test_data.bin		CRC=8908927E

EXIT: 0

------------------------------------------------------------------------------

TEST #14: 8-bit: Limit exact (16 bits)
ARGS: ./.test_data.bin --limit=16

./.test_data.bin		CRC=958622F0

EXIT: 0

------------------------------------------------------------------------------

TEST #15: 8-bit: Limit mid-octet (12 bits), no pad
ARGS: ./.test_data.bin --limit=12

WARNING: Input --limit caused truncation mid-character; use --pad if needed.
./.test_data.bin		CRC=5F1A48BC

EXIT: 0

------------------------------------------------------------------------------

TEST #16: 8-bit: Limit mid-octet (12 bits), with pad
ARGS: ./.test_data.bin --limit=12 --pad

./.test_data.bin		CRC=FDEC49D6

EXIT: 0

------------------------------------------------------------------------------

TEST #17: 8-bit: Limit > file (32 bits), no pad
ARGS: ./.test_data.bin --limit=32

WARNING: File ended after 24 bits, but --limit=32 requested.
         Use --pad to zero-fill the remaining bits.
./.test_data.bin		CRC=8908927E

EXIT: 0

------------------------------------------------------------------------------

TEST #18: 8-bit: Limit > file (32 bits), with pad (Synthesis)
ARGS: ./.test_data.bin --limit=32 --pad

./.test_data.bin		CRC=1576A7EE

EXIT: 0

------------------------------------------------------------------------------

TEST #19: 8-bit: Limit > file (36 bits), with pad (Synthesis + Truncation)
ARGS: ./.test_data.bin --limit=36 --pad

WARNING: --limit not a multiple of 8; trailing 4 bits ignored in 8-bit mode.
         Result calculated only up to the last full character.
./.test_data.bin		CRC=1576A7EE

EXIT: 0

------------------------------------------------------------------------------

TEST #20: Fallback: bits=7
ARGS: ./.test_data.bin --bits=7

WARNING: File ended with 5 dangling bits (not a full 8-bit CRC input octet).
         Use --pad to zero-fill remaining bits.
./.test_data.bin		CRC=D50157AC

EXIT: 0

------------------------------------------------------------------------------

TEST #21: Fallback: bits=7, pad
ARGS: ./.test_data.bin --bits=7 --pad

./.test_data.bin		CRC=DEA91832

EXIT: 0

------------------------------------------------------------------------------

TEST #22: Fallback: bits=7, limit=7 (1 char)
ARGS: ./.test_data.bin --bits=7 --limit=7

WARNING: File ended with 7 dangling bits (not a full 8-bit CRC input octet).
         Use --pad to zero-fill remaining bits.
./.test_data.bin		CRC=00000000

EXIT: 0

------------------------------------------------------------------------------

TEST #23: Fallback: bits=7, limit=10, no pad
ARGS: ./.test_data.bin --bits=7 --limit=10

WARNING: --limit ended mid 7-bit character; use --pad if needed.
WARNING: File ended with 7 dangling bits (not a full 8-bit CRC input octet).
         Use --pad to zero-fill remaining bits.
./.test_data.bin		CRC=00000000

EXIT: 0

------------------------------------------------------------------------------

TEST #24: Fallback: bits=7, limit=10, pad
ARGS: ./.test_data.bin --bits=7 --limit=10 --pad

./.test_data.bin		CRC=19F8A112

EXIT: 0

------------------------------------------------------------------------------

TEST #25: Fallback: bits=7, limit=40 (exceeds), no pad
ARGS: ./.test_data.bin --bits=7 --limit=40

WARNING: File ended with 5 dangling bits (not a full 8-bit CRC input octet).
WARNING: File ended after 21 bits, but --limit=40 was requested.
         Use --pad to zero-fill remaining bits.
./.test_data.bin		CRC=D50157AC

EXIT: 0

------------------------------------------------------------------------------

TEST #26: Fallback: bits=7, limit=40 (exceeds), pad
ARGS: ./.test_data.bin --bits=7 --limit=40 --pad

./.test_data.bin		CRC=46DBA2E4

EXIT: 0

------------------------------------------------------------------------------

TEST #27: Fallback: bits=9
ARGS: ./.test_data.bin --bits=9

WARNING: Specified --bits=9 is greater than host 8-bit character size.
         Each 8-bit character read will be zero-filled to reach 9 bits.
WARNING: File ended with 3 dangling bits (not a full 8-bit CRC input octet).
         Use --pad to zero-fill remaining bits.
./.test_data.bin		CRC=34F08A0A

EXIT: 0

------------------------------------------------------------------------------

TEST #28: Fallback: bits=9, pad
ARGS: ./.test_data.bin --bits=9 --pad

WARNING: Specified --bits=9 is greater than host 8-bit character size.
         Each 8-bit character read will be zero-filled to reach 9 bits.
./.test_data.bin		CRC=FC10756C

EXIT: 0

------------------------------------------------------------------------------

TEST #29: Fallback: bits=13, limit=20, pad
ARGS: ./.test_data.bin --bits=13 --limit=20 --pad

WARNING: Specified --bits=13 is greater than host 8-bit character size.
         Each 8-bit character read will be zero-filled to reach 13 bits.
./.test_data.bin		CRC=5F341E8E

EXIT: 0

------------------------------------------------------------------------------

TEST #30: Edge: Empty file
ARGS: /dev/null

/dev/null		CRC=00000000

EXIT: 0

------------------------------------------------------------------------------

TEST #31: Edge: Empty file, limit=16, pad
ARGS: /dev/null --limit=16 --pad

/dev/null		CRC=00000000

EXIT: 0

------------------------------------------------------------------------------

TEST #32: Edge: Multiple files
ARGS: ./.test_data.bin ./.test_data.bin

./.test_data.bin		CRC=8908927E
./.test_data.bin		CRC=8908927E

EXIT: 0

------------------------------------------------------------------------------

TEST #33: Edge: Multiple files + nonexistent
ARGS: ./.test_data.bin ./.test_data.bin nonexistent

./.test_data.bin		CRC=8908927E
./.test_data.bin		CRC=8908927E
ERROR: Error opening nonexistent

EXIT: 1

------------------------------------------------------------------------------

TEST #34: Edge: Nonexistent + multiple files
ARGS: nonexistent ./.test_data.bin ./.test_data.bin

ERROR: Error opening nonexistent
./.test_data.bin		CRC=8908927E
./.test_data.bin		CRC=8908927E

EXIT: 1

------------------------------------------------------------------------------

TEST #35: Verbose: Standard
ARGS: ./.test_data.bin -v

./.test_data.bin		CRC=8908927E	# 24 bits (3 8-bit characters)

EXIT: 0

------------------------------------------------------------------------------

TEST #36: Verbose: Alias (--verbose)
ARGS: ./.test_data.bin --verbose

./.test_data.bin		CRC=8908927E	# 24 bits (3 8-bit characters)

EXIT: 0

------------------------------------------------------------------------------

TEST #37: Verbose: With bits (7)
ARGS: ./.test_data.bin --bits=7 -v

WARNING: File ended with 5 dangling bits (not a full 8-bit CRC input octet).
         Use --pad to zero-fill remaining bits.
./.test_data.bin		CRC=D50157AC	# 21 bits (3 7-bit characters)

EXIT: 0

------------------------------------------------------------------------------

TEST #38: Verbose: With limit (12) and pad
ARGS: ./.test_data.bin --limit=12 --pad -v

./.test_data.bin		CRC=FDEC49D6	# 12 bits (2 8-bit characters - padded)

EXIT: 0

------------------------------------------------------------------------------

TEST #39: Verbose: Multiple files
ARGS: ./.test_data.bin ./.test_data.bin -v

./.test_data.bin		CRC=8908927E	# 24 bits (3 8-bit characters)
./.test_data.bin		CRC=8908927E	# 24 bits (3 8-bit characters)

EXIT: 0

------------------------------------------------------------------------------

TEST #40: Auto: 8-bit (high bit set)
ARGS: ./.test_data.bin --bits=auto

./.test_data.bin		CRC=8908927E

EXIT: 0

------------------------------------------------------------------------------

TEST #41: Auto: 7-bit (Hello)
ARGS: ./.test_seven.txt --bits=auto

WARNING: File ended with 3 dangling bits (not a full 8-bit CRC input octet).
         Use --pad to zero-fill remaining bits.
./.test_seven.txt		CRC=AB7E2256	# 35 bits (5 7-bit characters)

EXIT: 0

------------------------------------------------------------------------------

TEST #42: Auto: 7-bit, limit=14 (2 chars)
ARGS: ./.test_seven.txt --bits=auto --limit=14

WARNING: File ended with 6 dangling bits (not a full 8-bit CRC input octet).
         Use --pad to zero-fill remaining bits.
./.test_seven.txt		CRC=7C0D138E	# 14 bits (2 7-bit characters)

EXIT: 0

------------------------------------------------------------------------------

TEST #43: Auto: 7-bit, limit=10 (mid-char), no pad
ARGS: ./.test_seven.txt --bits=auto --limit=10

WARNING: --limit ended mid 7-bit character; use --pad if needed.
WARNING: File ended with 7 dangling bits (not a full 8-bit CRC input octet).
         Use --pad to zero-fill remaining bits.
./.test_seven.txt		CRC=00000000	# 7 bits (1 7-bit character)

EXIT: 0

------------------------------------------------------------------------------

TEST #44: Auto: 7-bit, limit=10 (mid-char), pad
ARGS: ./.test_seven.txt --bits=auto --limit=10 --pad

./.test_seven.txt		CRC=4C5D0240	# 10 bits (2 7-bit characters - padded)

EXIT: 0

------------------------------------------------------------------------------

TEST #45: Auto: Zero file
ARGS: ./.test_zero.bin --bits=auto

./.test_zero.bin		CRC=00000000	# 24 bits (3 8-bit characters)

EXIT: 0

------------------------------------------------------------------------------

TEST #46: Auto: Empty file
ARGS: /dev/null --bits=auto

/dev/null		CRC=00000000	# 0 bits (0 8-bit characters - empty)

EXIT: 0

------------------------------------------------------------------------------

TEST #47: Auto: Mixed files (7-bit and 8-bit)
ARGS: ./.test_seven.txt ./.test_data.bin --bits=auto

WARNING: File ended with 3 dangling bits (not a full 8-bit CRC input octet).
         Use --pad to zero-fill remaining bits.
./.test_seven.txt		CRC=AB7E2256	# 35 bits (5 7-bit characters)
./.test_data.bin		CRC=8908927E

EXIT: 0

------------------------------------------------------------------------------

TEST #48: Auto: Alias (--auto)
ARGS: ./.test_seven.txt --auto

./.test_seven.txt		CRC=C52CF678	# 35 bits (5 7-bit characters - padded)

EXIT: 0

------------------------------------------------------------------------------

TEST #49: Auto: Override (Manual then Auto)
ARGS: ./.test_seven.txt --bits=8 --bits=auto

WARNING: File ended with 3 dangling bits (not a full 8-bit CRC input octet).
         Use --pad to zero-fill remaining bits.
./.test_seven.txt		CRC=AB7E2256	# 35 bits (5 7-bit characters)

EXIT: 0

------------------------------------------------------------------------------

TEST #50: Auto: Override (Auto then Manual)
ARGS: ./.test_seven.txt --bits=auto --bits=8

./.test_seven.txt		CRC=B1A1ACA0

EXIT: 0

------------------------------------------------------------------------------

TEST #51: Pad: Explicit (Hello - 35 bits, needs pad)
ARGS: ./.test_seven.txt --bits=auto --pad -v

./.test_seven.txt		CRC=C52CF678	# 35 bits (5 7-bit characters - padded)

EXIT: 0

------------------------------------------------------------------------------

TEST #52: Pad: Auto (Hello - 35 bits, needs pad)
ARGS: ./.test_seven.txt --bits=auto --pad=auto

./.test_seven.txt		CRC=C52CF678	# 35 bits (5 7-bit characters - padded)

EXIT: 0

------------------------------------------------------------------------------

TEST #53: Pad: Auto (3 bytes - 24 bits, no pad needed)
ARGS: ./.test_zero.bin --bits=8 --pad=auto -v

./.test_zero.bin		CRC=00000000	# 24 bits (3 8-bit characters)

EXIT: 0

------------------------------------------------------------------------------

TEST #54: Pad: Auto (limit exact, no pad needed)
ARGS: ./.test_zero.bin --bits=8 --limit=16 --pad=auto -v

./.test_zero.bin		CRC=00000000	# 16 bits (2 8-bit characters)

EXIT: 0

------------------------------------------------------------------------------

TEST #55: Pad: Auto (limit mid-char, needs pad)
ARGS: ./.test_zero.bin --bits=8 --limit=12 --pad=auto -v

./.test_zero.bin		CRC=00000000	# 12 bits (2 8-bit characters - padded)

EXIT: 0

------------------------------------------------------------------------------

TEST #56: Pad: Auto (Synthesis, needs pad)
ARGS: ./.test_zero.bin --bits=8 --limit=32 --pad=auto -v

./.test_zero.bin		CRC=00000000	# 32 bits (4 8-bit characters - padded)

EXIT: 0

------------------------------------------------------------------------------

TEST #57: Pad: Mixed (needs pad then doesn't)
ARGS: ./.test_seven.txt ./.test_zero.bin --bits=auto --pad=auto

./.test_seven.txt		CRC=C52CF678	# 35 bits (5 7-bit characters - padded)
./.test_zero.bin		CRC=00000000	# 24 bits (3 8-bit characters)

EXIT: 0

------------------------------------------------------------------------------

TEST #58: Pad: Override (Manual then Auto)
ARGS: ./.test_seven.txt --bits=auto --pad --pad=auto

./.test_seven.txt		CRC=C52CF678	# 35 bits (5 7-bit characters - padded)

EXIT: 0

------------------------------------------------------------------------------

TEST #59: Pad: Override (Auto then Manual)
ARGS: ./.test_seven.txt --bits=auto --pad=auto --pad

./.test_seven.txt		CRC=C52CF678	# 35 bits (5 7-bit characters - padded)

EXIT: 0

------------------------------------------------------------------------------

TEST #60: Auto: Bits + Synthesis (Auto-Verbosity)
ARGS: ./.test_seven.txt --bits=auto --limit=40 --pad=auto

./.test_seven.txt		CRC=C52CF678	# 40 bits (6 7-bit characters - padded)

EXIT: 0

------------------------------------------------------------------------------

TEST #61: Auto: Pad only (Auto-Verbosity)
ARGS: ./.test_seven.txt --pad=auto

./.test_seven.txt		CRC=B1A1ACA0

EXIT: 0

------------------------------------------------------------------------------

TEST #62: Auto: Exact match (No Auto-Verbosity)
ARGS: ./.test_zero.bin --bits=8 --pad=auto

./.test_zero.bin		CRC=00000000

EXIT: 0

------------------------------------------------------------------------------

TEST #63: Override: --auto then --bits=8
ARGS: ./.test_data.bin --auto --bits=8

./.test_data.bin		CRC=8908927E	# 24 bits (3 8-bit characters)

EXIT: 0

------------------------------------------------------------------------------

TEST #64: Override: --bits=8 then --auto
ARGS: ./.test_seven.txt --bits=8 --auto

./.test_seven.txt		CRC=C52CF678	# 35 bits (5 7-bit characters - padded)

EXIT: 0

------------------------------------------------------------------------------

TEST #65: Override: --auto then --pad
ARGS: ./.test_data.bin --auto --limit=12 --pad

./.test_data.bin		CRC=FDEC49D6	# 12 bits (2 8-bit characters - padded)

EXIT: 0

------------------------------------------------------------------------------

TEST #66: Override: --pad then --auto
ARGS: ./.test_data.bin --pad --limit=12 --auto

./.test_data.bin		CRC=FDEC49D6	# 12 bits (2 8-bit characters - padded)

EXIT: 0

------------------------------------------------------------------------------

TEST #67: Override: --pad=auto then --pad
ARGS: ./.test_data.bin --limit=12 --pad=auto --pad

./.test_data.bin		CRC=FDEC49D6

EXIT: 0

------------------------------------------------------------------------------

TEST #68: Override: --pad then --pad=auto
ARGS: ./.test_data.bin --limit=12 --pad --pad=auto

./.test_data.bin		CRC=FDEC49D6	# 12 bits (2 8-bit characters - padded)

EXIT: 0

------------------------------------------------------------------------------

TEST #69: Override: --limit=10 then --limit=16
ARGS: ./.test_data.bin --limit=10 --limit=16 -v

./.test_data.bin		CRC=958622F0	# 16 bits (2 8-bit characters)

EXIT: 0

------------------------------------------------------------------------------

TEST #70: Pluralization: 1 character
ARGS: /dev/null --limit=8 --pad -v

/dev/null		CRC=00000000	# 8 bits (1 8-bit character - padded)

EXIT: 0

------------------------------------------------------------------------------

TEST #71: Pluralization: 101 characters
ARGS: ./.test_plural.bin -v

./.test_plural.bin		CRC=6140B5AE	# 808 bits (101 8-bit characters)

EXIT: 0

------------------------------------------------------------------------------

# EOF
